<?xml version="1.0" encoding="utf-8"?><testsuites name="pytest tests"><testsuite name="pytest" errors="0" failures="0" skipped="0" tests="4" time="2.415" timestamp="2026-09-19T19:21:44.044075+00:00" hostname="agent-env-fe4bd029-ec3d-4da2-a653-34c97e28c560"><testcase classname="tests.test_productify_api" name="test_public_catalog_and_search" time="0.308" /><testcase classname="tests.test_productify_api" name="test_admin_login_and_me" time="0.378" /><testcase classname="tests.test_productify_api" name="test_seller_register_create_pending_rental_and_admin_decision" time="0.803" /><testcase classname="tests.test_productify_api" name="test_buyer_cannot_create_and_authenticated_mock_order" time="0.418" /></testsuite></testsuites>