<?xml version="1.0" encoding="utf-8"?><testsuites name="pytest tests"><testsuite name="pytest" errors="0" failures="0" skipped="0" tests="19" time="6.292" timestamp="2026-09-20T05:17:38.751447+00:00" hostname="agent-env-fe4bd029-ec3d-4da2-a653-34c97e28c560"><testcase classname="tests.test_productify_api" name="test_catalog_lists_seeded_items" time="0.205" /><testcase classname="tests.test_productify_api" name="test_products_search_and_sort" time="0.143" /><testcase classname="tests.test_productify_api" name="test_admin_login_and_me" time="0.341" /><testcase classname="tests.test_productify_api" name="test_register_duplicate_conflict" time="0.341" /><testcase classname="tests.test_productify_api" name="test_session_endpoint_rejects_fake_id" time="0.370" /><testcase classname="tests.test_productify_api" name="test_me_requires_auth" time="0.070" /><testcase classname="tests.test_productify_api" name="test_profile_patch_updates" time="0.410" /><testcase classname="tests.test_productify_api" name="test_upload_and_download_file" time="2.701" /><testcase classname="tests.test_productify_api" name="test_upload_rejects_bad_mime" time="0.074" /><testcase classname="tests.test_productify_api" name="test_seller_create_rental_pending_and_admin_approves" time="0.217" /><testcase classname="tests.test_productify_api" name="test_seller_create_product_pending" time="0.072" /><testcase classname="tests.test_productify_api" name="test_buyer_cannot_create_product" time="0.073" /><testcase classname="tests.test_productify_api" name="test_checkout_and_confirm_creates_order" time="0.357" /><testcase classname="tests.test_productify_api" name="test_checkout_razorpay_uses_inr" time="0.074" /><testcase classname="tests.test_productify_api" name="test_checkout_requires_auth" time="0.191" /><testcase classname="tests.test_productify_api" name="test_robots_txt" time="0.029" /><testcase classname="tests.test_productify_api" name="test_sitemap_xml" time="0.032" /><testcase classname="tests.test_productify_api" name="test_index_seo_tags" time="0.033" /><testcase classname="tests.test_productify_api" name="test_cors_allows_credentials" time="0.030" /></testsuite></testsuites>